{"C:\\Users\\quick\\Downloads\\VSCode-npm\\class-project\\backend\\index.js": {"path":"C:\\Users\\quick\\Downloads\\VSCode-npm\\class-project\\backend\\index.js","statementMap":{"0":{"start":{"line":11,"column":0},"end":{"line":11,"column":16}},"1":{"start":{"line":13,"column":12},"end":{"line":13,"column":21}},"2":{"start":{"line":16,"column":0},"end":{"line":16,"column":24}},"3":{"start":{"line":17,"column":0},"end":{"line":17,"column":16}},"4":{"start":{"line":20,"column":0},"end":{"line":20,"column":33}},"5":{"start":{"line":21,"column":0},"end":{"line":21,"column":36}},"6":{"start":{"line":22,"column":0},"end":{"line":22,"column":34}},"7":{"start":{"line":23,"column":0},"end":{"line":23,"column":44}},"8":{"start":{"line":24,"column":0},"end":{"line":24,"column":50}}},"fnMap":{},"branchMap":{},"s":{"0":6,"1":6,"2":6,"3":6,"4":6,"5":6,"6":6,"7":6,"8":6},"f":{},"b":{},"_coverageSchema":"1a1c01bbd47fc00a2c39e90264f33305004495a9","hash":"9bc83b4853dd1d67a21a0ce6c23bff1eebeff1c3"}
,"C:\\Users\\quick\\Downloads\\VSCode-npm\\class-project\\backend\\server.js": {"path":"C:\\Users\\quick\\Downloads\\VSCode-npm\\class-project\\backend\\server.js","statementMap":{"0":{"start":{"line":3,"column":13},"end":{"line":3,"column":37}},"1":{"start":{"line":4,"column":15},"end":{"line":6,"column":2}},"2":{"start":{"line":5,"column":2},"end":{"line":5,"column":60}}},"fnMap":{"0":{"name":"(anonymous_0)","decl":{"start":{"line":4,"column":32},"end":{"line":4,"column":33}},"loc":{"start":{"line":4,"column":38},"end":{"line":6,"column":1}},"line":4}},"branchMap":{"0":{"loc":{"start":{"line":3,"column":13},"end":{"line":3,"column":37}},"type":"binary-expr","locations":[{"start":{"line":3,"column":13},"end":{"line":3,"column":29}},{"start":{"line":3,"column":33},"end":{"line":3,"column":37}}],"line":3}},"s":{"0":1,"1":1,"2":1},"f":{"0":1},"b":{"0":[1,0]},"_coverageSchema":"1a1c01bbd47fc00a2c39e90264f33305004495a9","hash":"f9bb5b95f23cdc19f0ded2ee770469e42077fe92"}
,"C:\\Users\\quick\\Downloads\\VSCode-npm\\class-project\\backend\\controllers\\authController.js": {"path":"C:\\Users\\quick\\Downloads\\VSCode-npm\\class-project\\backend\\controllers\\authController.js","statementMap":{"0":{"start":{"line":5,"column":14},"end":{"line":11,"column":1}},"1":{"start":{"line":14,"column":28},"end":{"line":31,"column":1}},"2":{"start":{"line":15,"column":30},"end":{"line":15,"column":38}},"3":{"start":{"line":18,"column":2},"end":{"line":20,"column":3}},"4":{"start":{"line":19,"column":4},"end":{"line":19,"column":70}},"5":{"start":{"line":23,"column":2},"end":{"line":27,"column":3}},"6":{"start":{"line":24,"column":4},"end":{"line":26,"column":67}},"7":{"start":{"line":30,"column":2},"end":{"line":30,"column":75}},"8":{"start":{"line":34,"column":25},"end":{"line":82,"column":1}},"9":{"start":{"line":35,"column":30},"end":{"line":35,"column":38}},"10":{"start":{"line":38,"column":2},"end":{"line":40,"column":3}},"11":{"start":{"line":39,"column":4},"end":{"line":39,"column":70}},"12":{"start":{"line":43,"column":2},"end":{"line":47,"column":3}},"13":{"start":{"line":44,"column":4},"end":{"line":46,"column":67}},"14":{"start":{"line":50,"column":15},"end":{"line":50,"column":57}},"15":{"start":{"line":50,"column":36},"end":{"line":50,"column":56}},"16":{"start":{"line":53,"column":2},"end":{"line":55,"column":3}},"17":{"start":{"line":54,"column":4},"end":{"line":54,"column":74}},"18":{"start":{"line":58,"column":26},"end":{"line":58,"column":69}},"19":{"start":{"line":60,"column":2},"end":{"line":62,"column":3}},"20":{"start":{"line":61,"column":4},"end":{"line":61,"column":74}},"21":{"start":{"line":65,"column":19},"end":{"line":65,"column":70}},"22":{"start":{"line":66,"column":17},"end":{"line":66,"column":57}},"23":{"start":{"line":69,"column":16},"end":{"line":73,"column":3}},"24":{"start":{"line":76,"column":2},"end":{"line":81,"column":5}}},"fnMap":{"0":{"name":"(anonymous_0)","decl":{"start":{"line":14,"column":28},"end":{"line":14,"column":29}},"loc":{"start":{"line":14,"column":42},"end":{"line":31,"column":1}},"line":14},"1":{"name":"(anonymous_1)","decl":{"start":{"line":34,"column":25},"end":{"line":34,"column":26}},"loc":{"start":{"line":34,"column":39},"end":{"line":82,"column":1}},"line":34},"2":{"name":"(anonymous_2)","decl":{"start":{"line":50,"column":26},"end":{"line":50,"column":27}},"loc":{"start":{"line":50,"column":36},"end":{"line":50,"column":56}},"line":50}},"branchMap":{"0":{"loc":{"start":{"line":18,"column":2},"end":{"line":20,"column":3}},"type":"if","locations":[{"start":{"line":18,"column":2},"end":{"line":20,"column":3}},{"start":{},"end":{}}],"line":18},"1":{"loc":{"start":{"line":18,"column":6},"end":{"line":18,"column":68}},"type":"binary-expr","locations":[{"start":{"line":18,"column":6},"end":{"line":18,"column":33}},{"start":{"line":18,"column":37},"end":{"line":18,"column":68}}],"line":18},"2":{"loc":{"start":{"line":23,"column":2},"end":{"line":27,"column":3}},"type":"if","locations":[{"start":{"line":23,"column":2},"end":{"line":27,"column":3}},{"start":{},"end":{}}],"line":23},"3":{"loc":{"start":{"line":38,"column":2},"end":{"line":40,"column":3}},"type":"if","locations":[{"start":{"line":38,"column":2},"end":{"line":40,"column":3}},{"start":{},"end":{}}],"line":38},"4":{"loc":{"start":{"line":38,"column":6},"end":{"line":38,"column":68}},"type":"binary-expr","locations":[{"start":{"line":38,"column":6},"end":{"line":38,"column":33}},{"start":{"line":38,"column":37},"end":{"line":38,"column":68}}],"line":38},"5":{"loc":{"start":{"line":43,"column":2},"end":{"line":47,"column":3}},"type":"if","locations":[{"start":{"line":43,"column":2},"end":{"line":47,"column":3}},{"start":{},"end":{}}],"line":43},"6":{"loc":{"start":{"line":53,"column":2},"end":{"line":55,"column":3}},"type":"if","locations":[{"start":{"line":53,"column":2},"end":{"line":55,"column":3}},{"start":{},"end":{}}],"line":53},"7":{"loc":{"start":{"line":60,"column":2},"end":{"line":62,"column":3}},"type":"if","locations":[{"start":{"line":60,"column":2},"end":{"line":62,"column":3}},{"start":{},"end":{}}],"line":60},"8":{"loc":{"start":{"line":65,"column":19},"end":{"line":65,"column":70}},"type":"cond-expr","locations":[{"start":{"line":65,"column":49},"end":{"line":65,"column":56}},{"start":{"line":65,"column":59},"end":{"line":65,"column":70}}],"line":65},"9":{"loc":{"start":{"line":66,"column":17},"end":{"line":66,"column":57}},"type":"cond-expr","locations":[{"start":{"line":66,"column":52},"end":{"line":66,"column":53}},{"start":{"line":66,"column":56},"end":{"line":66,"column":57}}],"line":66},"10":{"loc":{"start":{"line":71,"column":4},"end":{"line":71,"column":55}},"type":"binary-expr","locations":[{"start":{"line":71,"column":4},"end":{"line":71,"column":30}},{"start":{"line":71,"column":34},"end":{"line":71,"column":55}}],"line":71}},"s":{"0":6,"1":6,"2":3,"3":3,"4":1,"5":2,"6":1,"7":1,"8":6,"9":4,"10":4,"11":1,"12":3,"13":1,"14":2,"15":2,"16":2,"17":0,"18":2,"19":2,"20":0,"21":2,"22":2,"23":2,"24":2},"f":{"0":3,"1":4,"2":2},"b":{"0":[1,2],"1":[3,1],"2":[1,1],"3":[1,3],"4":[4,1],"5":[1,2],"6":[0,2],"7":[0,2],"8":[2,0],"9":[2,0],"10":[2,2]},"_coverageSchema":"1a1c01bbd47fc00a2c39e90264f33305004495a9","hash":"d9018d67b707f21d3286f8acf26c1bcdea9ca760"}
,"C:\\Users\\quick\\Downloads\\VSCode-npm\\class-project\\backend\\controllers\\eventController.js": {"path":"C:\\Users\\quick\\Downloads\\VSCode-npm\\class-project\\backend\\controllers\\eventController.js","statementMap":{"0":{"start":{"line":1,"column":15},"end":{"line":14,"column":1}},"1":{"start":{"line":17,"column":2},"end":{"line":17,"column":19}},"2":{"start":{"line":21,"column":58},"end":{"line":21,"column":66}},"3":{"start":{"line":22,"column":19},"end":{"line":28,"column":3}},"4":{"start":{"line":29,"column":2},"end":{"line":29,"column":24}},"5":{"start":{"line":30,"column":2},"end":{"line":30,"column":70}}},"fnMap":{"0":{"name":"getEvents","decl":{"start":{"line":16,"column":16},"end":{"line":16,"column":25}},"loc":{"start":{"line":16,"column":36},"end":{"line":18,"column":1}},"line":16},"1":{"name":"createEvent","decl":{"start":{"line":20,"column":16},"end":{"line":20,"column":27}},"loc":{"start":{"line":20,"column":38},"end":{"line":31,"column":1}},"line":20}},"branchMap":{},"s":{"0":6,"1":0,"2":2,"3":2,"4":2,"5":2},"f":{"0":0,"1":2},"b":{},"_coverageSchema":"1a1c01bbd47fc00a2c39e90264f33305004495a9","hash":"aebc12d4a523e72f4832d084427aec53db5b66b3"}
,"C:\\Users\\quick\\Downloads\\VSCode-npm\\class-project\\backend\\controllers\\notificationController.js": {"path":"C:\\Users\\quick\\Downloads\\VSCode-npm\\class-project\\backend\\controllers\\notificationController.js","statementMap":{"0":{"start":{"line":3,"column":31},"end":{"line":13,"column":1}},"1":{"start":{"line":4,"column":35},"end":{"line":4,"column":43}},"2":{"start":{"line":5,"column":2},"end":{"line":9,"column":3}},"3":{"start":{"line":6,"column":4},"end":{"line":8,"column":63}},"4":{"start":{"line":11,"column":17},"end":{"line":11,"column":75}},"5":{"start":{"line":12,"column":2},"end":{"line":12,"column":31}}},"fnMap":{"0":{"name":"(anonymous_0)","decl":{"start":{"line":3,"column":31},"end":{"line":3,"column":32}},"loc":{"start":{"line":3,"column":45},"end":{"line":13,"column":1}},"line":3}},"branchMap":{"0":{"loc":{"start":{"line":5,"column":2},"end":{"line":9,"column":3}},"type":"if","locations":[{"start":{"line":5,"column":2},"end":{"line":9,"column":3}},{"start":{},"end":{}}],"line":5},"1":{"loc":{"start":{"line":5,"column":6},"end":{"line":5,"column":30}},"type":"binary-expr","locations":[{"start":{"line":5,"column":6},"end":{"line":5,"column":18}},{"start":{"line":5,"column":22},"end":{"line":5,"column":30}}],"line":5}},"s":{"0":6,"1":2,"2":2,"3":1,"4":1,"5":1},"f":{"0":2},"b":{"0":[1,1],"1":[2,1]},"_coverageSchema":"1a1c01bbd47fc00a2c39e90264f33305004495a9","hash":"d48fb920d8d77c62deb33a5467e818142adae2b4"}
,"C:\\Users\\quick\\Downloads\\VSCode-npm\\class-project\\backend\\controllers\\userController.js": {"path":"C:\\Users\\quick\\Downloads\\VSCode-npm\\class-project\\backend\\controllers\\userController.js","statementMap":{"0":{"start":{"line":1,"column":14},"end":{"line":32,"column":1}},"1":{"start":{"line":36,"column":17},"end":{"line":36,"column":40}},"2":{"start":{"line":37,"column":15},"end":{"line":37,"column":49}},"3":{"start":{"line":37,"column":33},"end":{"line":37,"column":48}},"4":{"start":{"line":39,"column":2},"end":{"line":41,"column":3}},"5":{"start":{"line":40,"column":4},"end":{"line":40,"column":79}},"6":{"start":{"line":43,"column":2},"end":{"line":43,"column":53}},"7":{"start":{"line":49,"column":4},"end":{"line":49,"column":12}},"8":{"start":{"line":50,"column":15},"end":{"line":50,"column":45}},"9":{"start":{"line":50,"column":33},"end":{"line":50,"column":44}},"10":{"start":{"line":52,"column":2},"end":{"line":54,"column":3}},"11":{"start":{"line":53,"column":4},"end":{"line":53,"column":79}},"12":{"start":{"line":57,"column":2},"end":{"line":65,"column":4}},"13":{"start":{"line":67,"column":2},"end":{"line":67,"column":72}}},"fnMap":{"0":{"name":"getUserProfile","decl":{"start":{"line":35,"column":16},"end":{"line":35,"column":30}},"loc":{"start":{"line":35,"column":41},"end":{"line":44,"column":1}},"line":35},"1":{"name":"(anonymous_1)","decl":{"start":{"line":37,"column":26},"end":{"line":37,"column":27}},"loc":{"start":{"line":37,"column":33},"end":{"line":37,"column":48}},"line":37},"2":{"name":"updateUserProfile","decl":{"start":{"line":47,"column":16},"end":{"line":47,"column":33}},"loc":{"start":{"line":47,"column":44},"end":{"line":68,"column":1}},"line":47},"3":{"name":"(anonymous_3)","decl":{"start":{"line":50,"column":26},"end":{"line":50,"column":27}},"loc":{"start":{"line":50,"column":33},"end":{"line":50,"column":44}},"line":50}},"branchMap":{"0":{"loc":{"start":{"line":39,"column":2},"end":{"line":41,"column":3}},"type":"if","locations":[{"start":{"line":39,"column":2},"end":{"line":41,"column":3}},{"start":{},"end":{}}],"line":39},"1":{"loc":{"start":{"line":52,"column":2},"end":{"line":54,"column":3}},"type":"if","locations":[{"start":{"line":52,"column":2},"end":{"line":54,"column":3}},{"start":{},"end":{}}],"line":52}},"s":{"0":6,"1":3,"2":3,"3":4,"4":3,"5":1,"6":2,"7":1,"8":1,"9":1,"10":1,"11":0,"12":1,"13":1},"f":{"0":3,"1":4,"2":1,"3":1},"b":{"0":[1,2],"1":[0,1]},"_coverageSchema":"1a1c01bbd47fc00a2c39e90264f33305004495a9","hash":"887d72e5fed9ab548d3e672c6d9d7bc9524a9b04"}
,"C:\\Users\\quick\\Downloads\\VSCode-npm\\class-project\\backend\\controllers\\volunteerController.js": {"path":"C:\\Users\\quick\\Downloads\\VSCode-npm\\class-project\\backend\\controllers\\volunteerController.js","statementMap":{"0":{"start":{"line":1,"column":14},"end":{"line":4,"column":1}},"1":{"start":{"line":6,"column":15},"end":{"line":19,"column":1}},"2":{"start":{"line":21,"column":25},"end":{"line":28,"column":1}},"3":{"start":{"line":32,"column":22},"end":{"line":32,"column":45}},"4":{"start":{"line":33,"column":18},"end":{"line":35,"column":3}},"5":{"start":{"line":34,"column":15},"end":{"line":34,"column":48}},"6":{"start":{"line":37,"column":2},"end":{"line":41,"column":3}},"7":{"start":{"line":38,"column":4},"end":{"line":40,"column":72}},"8":{"start":{"line":43,"column":2},"end":{"line":43,"column":39}},"9":{"start":{"line":48,"column":35},"end":{"line":48,"column":43}},"10":{"start":{"line":50,"column":20},"end":{"line":50,"column":65}},"11":{"start":{"line":50,"column":41},"end":{"line":50,"column":64}},"12":{"start":{"line":51,"column":16},"end":{"line":51,"column":54}},"13":{"start":{"line":51,"column":36},"end":{"line":51,"column":53}},"14":{"start":{"line":53,"column":2},"end":{"line":57,"column":3}},"15":{"start":{"line":54,"column":4},"end":{"line":56,"column":72}},"16":{"start":{"line":60,"column":2},"end":{"line":65,"column":5}},"17":{"start":{"line":67,"column":2},"end":{"line":70,"column":5}}},"fnMap":{"0":{"name":"getVolunteerHistory","decl":{"start":{"line":31,"column":16},"end":{"line":31,"column":35}},"loc":{"start":{"line":31,"column":46},"end":{"line":44,"column":1}},"line":31},"1":{"name":"(anonymous_1)","decl":{"start":{"line":34,"column":4},"end":{"line":34,"column":5}},"loc":{"start":{"line":34,"column":15},"end":{"line":34,"column":48}},"line":34},"2":{"name":"matchVolunteer","decl":{"start":{"line":47,"column":16},"end":{"line":47,"column":30}},"loc":{"start":{"line":47,"column":41},"end":{"line":71,"column":1}},"line":47},"3":{"name":"(anonymous_3)","decl":{"start":{"line":50,"column":31},"end":{"line":50,"column":32}},"loc":{"start":{"line":50,"column":41},"end":{"line":50,"column":64}},"line":50},"4":{"name":"(anonymous_4)","decl":{"start":{"line":51,"column":28},"end":{"line":51,"column":29}},"loc":{"start":{"line":51,"column":36},"end":{"line":51,"column":53}},"line":51}},"branchMap":{"0":{"loc":{"start":{"line":37,"column":2},"end":{"line":41,"column":3}},"type":"if","locations":[{"start":{"line":37,"column":2},"end":{"line":41,"column":3}},{"start":{},"end":{}}],"line":37},"1":{"loc":{"start":{"line":53,"column":2},"end":{"line":57,"column":3}},"type":"if","locations":[{"start":{"line":53,"column":2},"end":{"line":57,"column":3}},{"start":{},"end":{}}],"line":53},"2":{"loc":{"start":{"line":53,"column":6},"end":{"line":53,"column":26}},"type":"binary-expr","locations":[{"start":{"line":53,"column":6},"end":{"line":53,"column":16}},{"start":{"line":53,"column":20},"end":{"line":53,"column":26}}],"line":53}},"s":{"0":6,"1":6,"2":6,"3":3,"4":3,"5":6,"6":3,"7":1,"8":2,"9":2,"10":2,"11":4,"12":2,"13":3,"14":2,"15":1,"16":1,"17":1},"f":{"0":3,"1":6,"2":2,"3":4,"4":3},"b":{"0":[1,2],"1":[1,1],"2":[2,2]},"_coverageSchema":"1a1c01bbd47fc00a2c39e90264f33305004495a9","hash":"9c705d8e4f8109548261f3d7e02175dc0fd2f79a"}
,"C:\\Users\\quick\\Downloads\\VSCode-npm\\class-project\\backend\\middleware\\verifyToken.js": {"path":"C:\\Users\\quick\\Downloads\\VSCode-npm\\class-project\\backend\\middleware\\verifyToken.js","statementMap":{"0":{"start":{"line":3,"column":20},"end":{"line":28,"column":1}},"1":{"start":{"line":4,"column":16},"end":{"line":4,"column":67}},"2":{"start":{"line":6,"column":2},"end":{"line":10,"column":3}},"3":{"start":{"line":7,"column":4},"end":{"line":9,"column":61}},"4":{"start":{"line":12,"column":2},"end":{"line":27,"column":3}},"5":{"start":{"line":14,"column":20},"end":{"line":17,"column":5}},"6":{"start":{"line":20,"column":4},"end":{"line":20,"column":41}},"7":{"start":{"line":23,"column":4},"end":{"line":23,"column":23}},"8":{"start":{"line":24,"column":4},"end":{"line":24,"column":11}},"9":{"start":{"line":26,"column":4},"end":{"line":26,"column":73}}},"fnMap":{"0":{"name":"(anonymous_0)","decl":{"start":{"line":3,"column":20},"end":{"line":3,"column":21}},"loc":{"start":{"line":3,"column":40},"end":{"line":28,"column":1}},"line":3}},"branchMap":{"0":{"loc":{"start":{"line":6,"column":2},"end":{"line":10,"column":3}},"type":"if","locations":[{"start":{"line":6,"column":2},"end":{"line":10,"column":3}},{"start":{},"end":{}}],"line":6},"1":{"loc":{"start":{"line":16,"column":6},"end":{"line":16,"column":57}},"type":"binary-expr","locations":[{"start":{"line":16,"column":6},"end":{"line":16,"column":32}},{"start":{"line":16,"column":36},"end":{"line":16,"column":57}}],"line":16}},"s":{"0":6,"1":2,"2":2,"3":1,"4":1,"5":1,"6":1,"7":1,"8":1,"9":0},"f":{"0":2},"b":{"0":[1,1],"1":[1,1]},"_coverageSchema":"1a1c01bbd47fc00a2c39e90264f33305004495a9","hash":"79ec028ca115813b7135d016f084b00fa8a49514"}
,"C:\\Users\\quick\\Downloads\\VSCode-npm\\class-project\\backend\\routes\\authRoutes.js": {"path":"C:\\Users\\quick\\Downloads\\VSCode-npm\\class-project\\backend\\routes\\authRoutes.js","statementMap":{"0":{"start":{"line":5,"column":15},"end":{"line":5,"column":31}},"1":{"start":{"line":8,"column":0},"end":{"line":8,"column":39}},"2":{"start":{"line":11,"column":0},"end":{"line":11,"column":33}},"3":{"start":{"line":14,"column":0},"end":{"line":22,"column":3}},"4":{"start":{"line":15,"column":34},"end":{"line":15,"column":42}},"5":{"start":{"line":16,"column":2},"end":{"line":21,"column":5}}},"fnMap":{"0":{"name":"(anonymous_0)","decl":{"start":{"line":14,"column":36},"end":{"line":14,"column":37}},"loc":{"start":{"line":14,"column":50},"end":{"line":22,"column":1}},"line":14}},"branchMap":{},"s":{"0":6,"1":6,"2":6,"3":6,"4":1,"5":1},"f":{"0":1},"b":{},"_coverageSchema":"1a1c01bbd47fc00a2c39e90264f33305004495a9","hash":"bbac47f1ffb402f12bfe04dd553403308a1a08e8"}
,"C:\\Users\\quick\\Downloads\\VSCode-npm\\class-project\\backend\\routes\\eventRoutes.js": {"path":"C:\\Users\\quick\\Downloads\\VSCode-npm\\class-project\\backend\\routes\\eventRoutes.js","statementMap":{"0":{"start":{"line":3,"column":15},"end":{"line":3,"column":23}},"1":{"start":{"line":5,"column":0},"end":{"line":5,"column":33}},"2":{"start":{"line":6,"column":0},"end":{"line":6,"column":42}}},"fnMap":{},"branchMap":{},"s":{"0":6,"1":6,"2":6},"f":{},"b":{},"_coverageSchema":"1a1c01bbd47fc00a2c39e90264f33305004495a9","hash":"0d40c3fb74d335301094834765605d00406882ae"}
,"C:\\Users\\quick\\Downloads\\VSCode-npm\\class-project\\backend\\routes\\notificationRoutes.js": {"path":"C:\\Users\\quick\\Downloads\\VSCode-npm\\class-project\\backend\\routes\\notificationRoutes.js","statementMap":{"0":{"start":{"line":4,"column":15},"end":{"line":4,"column":31}},"1":{"start":{"line":5,"column":0},"end":{"line":5,"column":40}}},"fnMap":{},"branchMap":{},"s":{"0":6,"1":6},"f":{},"b":{},"_coverageSchema":"1a1c01bbd47fc00a2c39e90264f33305004495a9","hash":"af44ebb60564a015b85a4da75ad74f526116824e"}
,"C:\\Users\\quick\\Downloads\\VSCode-npm\\class-project\\backend\\routes\\userRoutes.js": {"path":"C:\\Users\\quick\\Downloads\\VSCode-npm\\class-project\\backend\\routes\\userRoutes.js","statementMap":{"0":{"start":{"line":7,"column":15},"end":{"line":7,"column":23}},"1":{"start":{"line":10,"column":0},"end":{"line":10,"column":35}},"2":{"start":{"line":13,"column":0},"end":{"line":13,"column":42}}},"fnMap":{},"branchMap":{},"s":{"0":6,"1":6,"2":6},"f":{},"b":{},"_coverageSchema":"1a1c01bbd47fc00a2c39e90264f33305004495a9","hash":"ce6b58b06aba0c04b30ea66877dfd97839795d71"}
,"C:\\Users\\quick\\Downloads\\VSCode-npm\\class-project\\backend\\routes\\volunteerRoutes.js": {"path":"C:\\Users\\quick\\Downloads\\VSCode-npm\\class-project\\backend\\routes\\volunteerRoutes.js","statementMap":{"0":{"start":{"line":7,"column":15},"end":{"line":7,"column":23}},"1":{"start":{"line":10,"column":0},"end":{"line":10,"column":48}},"2":{"start":{"line":13,"column":0},"end":{"line":13,"column":38}}},"fnMap":{},"branchMap":{},"s":{"0":6,"1":6,"2":6},"f":{},"b":{},"_coverageSchema":"1a1c01bbd47fc00a2c39e90264f33305004495a9","hash":"c3cc7a33b78b34576aa29b953a39e6bf5a4b1c0f"}
,"C:\\Users\\quick\\Downloads\\VSCode-npm\\class-project\\backend\\services\\notificationService.js": {"path":"C:\\Users\\quick\\Downloads\\VSCode-npm\\class-project\\backend\\services\\notificationService.js","statementMap":{"0":{"start":{"line":3,"column":4},"end":{"line":3,"column":77}},"1":{"start":{"line":4,"column":4},"end":{"line":4,"column":59}}},"fnMap":{"0":{"name":"(anonymous_0)","decl":{"start":{"line":2,"column":2},"end":{"line":2,"column":3}},"loc":{"start":{"line":2,"column":41},"end":{"line":5,"column":3}},"line":2}},"branchMap":{},"s":{"0":1,"1":1},"f":{"0":1},"b":{},"_coverageSchema":"1a1c01bbd47fc00a2c39e90264f33305004495a9","hash":"a61fa0a8dd04fe7c7cecc439c5e654c163731fc7"}
}
