{"C:\\Users\\quick\\Downloads\\VSCode-npm\\class-project\\backend\\database.js": {"path":"C:\\Users\\quick\\Downloads\\VSCode-npm\\class-project\\backend\\database.js","statementMap":{"0":{"start":{"line":3,"column":18},"end":{"line":11,"column":1}},"1":{"start":{"line":4,"column":2},"end":{"line":10,"column":3}},"2":{"start":{"line":5,"column":4},"end":{"line":5,"column":50}},"3":{"start":{"line":6,"column":4},"end":{"line":6,"column":50}},"4":{"start":{"line":8,"column":4},"end":{"line":8,"column":54}},"5":{"start":{"line":9,"column":4},"end":{"line":9,"column":20}}},"fnMap":{"0":{"name":"(anonymous_0)","decl":{"start":{"line":3,"column":18},"end":{"line":3,"column":19}},"loc":{"start":{"line":3,"column":30},"end":{"line":11,"column":1}},"line":3}},"branchMap":{},"s":{"0":6,"1":6,"2":6,"3":4,"4":0,"5":0},"f":{"0":6},"b":{},"_coverageSchema":"1a1c01bbd47fc00a2c39e90264f33305004495a9","hash":"9b5e483297e86007440e51349f7ba746b51358d0"}
,"C:\\Users\\quick\\Downloads\\VSCode-npm\\class-project\\backend\\index.js": {"path":"C:\\Users\\quick\\Downloads\\VSCode-npm\\class-project\\backend\\index.js","statementMap":{"0":{"start":{"line":13,"column":0},"end":{"line":13,"column":16}},"1":{"start":{"line":15,"column":12},"end":{"line":15,"column":21}},"2":{"start":{"line":18,"column":0},"end":{"line":18,"column":12}},"3":{"start":{"line":21,"column":0},"end":{"line":21,"column":24}},"4":{"start":{"line":22,"column":0},"end":{"line":22,"column":16}},"5":{"start":{"line":23,"column":0},"end":{"line":25,"column":3}},"6":{"start":{"line":24,"column":2},"end":{"line":24,"column":20}},"7":{"start":{"line":28,"column":0},"end":{"line":28,"column":33}},"8":{"start":{"line":29,"column":0},"end":{"line":29,"column":36}},"9":{"start":{"line":30,"column":0},"end":{"line":30,"column":34}},"10":{"start":{"line":31,"column":0},"end":{"line":31,"column":44}},"11":{"start":{"line":32,"column":0},"end":{"line":32,"column":50}},"12":{"start":{"line":33,"column":0},"end":{"line":33,"column":23}}},"fnMap":{"0":{"name":"(anonymous_0)","decl":{"start":{"line":23,"column":13},"end":{"line":23,"column":14}},"loc":{"start":{"line":23,"column":27},"end":{"line":25,"column":1}},"line":23}},"branchMap":{},"s":{"0":6,"1":6,"2":6,"3":6,"4":6,"5":6,"6":0,"7":6,"8":6,"9":6,"10":6,"11":6,"12":6},"f":{"0":0},"b":{},"_coverageSchema":"1a1c01bbd47fc00a2c39e90264f33305004495a9","hash":"2140121e3d9f4b5373ef973036289c031d4baaba"}
,"C:\\Users\\quick\\Downloads\\VSCode-npm\\class-project\\backend\\server.js": {"path":"C:\\Users\\quick\\Downloads\\VSCode-npm\\class-project\\backend\\server.js","statementMap":{"0":{"start":{"line":3,"column":13},"end":{"line":3,"column":37}},"1":{"start":{"line":4,"column":15},"end":{"line":6,"column":2}},"2":{"start":{"line":5,"column":2},"end":{"line":5,"column":60}}},"fnMap":{"0":{"name":"(anonymous_0)","decl":{"start":{"line":4,"column":32},"end":{"line":4,"column":33}},"loc":{"start":{"line":4,"column":38},"end":{"line":6,"column":1}},"line":4}},"branchMap":{"0":{"loc":{"start":{"line":3,"column":13},"end":{"line":3,"column":37}},"type":"binary-expr","locations":[{"start":{"line":3,"column":13},"end":{"line":3,"column":29}},{"start":{"line":3,"column":33},"end":{"line":3,"column":37}}],"line":3}},"s":{"0":1,"1":1,"2":1},"f":{"0":1},"b":{"0":[1,0]},"_coverageSchema":"1a1c01bbd47fc00a2c39e90264f33305004495a9","hash":"f9bb5b95f23cdc19f0ded2ee770469e42077fe92"}
,"C:\\Users\\quick\\Downloads\\VSCode-npm\\class-project\\backend\\controllers\\authController.js": {"path":"C:\\Users\\quick\\Downloads\\VSCode-npm\\class-project\\backend\\controllers\\authController.js","statementMap":{"0":{"start":{"line":6,"column":14},"end":{"line":12,"column":1}},"1":{"start":{"line":15,"column":28},"end":{"line":48,"column":1}},"2":{"start":{"line":16,"column":2},"end":{"line":47,"column":3}},"3":{"start":{"line":17,"column":38},"end":{"line":17,"column":46}},"4":{"start":{"line":20,"column":4},"end":{"line":22,"column":5}},"5":{"start":{"line":21,"column":6},"end":{"line":21,"column":72}},"6":{"start":{"line":25,"column":4},"end":{"line":29,"column":5}},"7":{"start":{"line":26,"column":6},"end":{"line":28,"column":69}},"8":{"start":{"line":31,"column":25},"end":{"line":31,"column":65}},"9":{"start":{"line":32,"column":4},"end":{"line":34,"column":5}},"10":{"start":{"line":33,"column":6},"end":{"line":33,"column":74}},"11":{"start":{"line":36,"column":17},"end":{"line":40,"column":6}},"12":{"start":{"line":41,"column":4},"end":{"line":41,"column":22}},"13":{"start":{"line":43,"column":4},"end":{"line":43,"column":77}},"14":{"start":{"line":45,"column":4},"end":{"line":45,"column":46}},"15":{"start":{"line":46,"column":4},"end":{"line":46,"column":70}},"16":{"start":{"line":51,"column":25},"end":{"line":82,"column":1}},"17":{"start":{"line":52,"column":2},"end":{"line":81,"column":3}},"18":{"start":{"line":53,"column":32},"end":{"line":53,"column":40}},"19":{"start":{"line":55,"column":17},"end":{"line":55,"column":57}},"20":{"start":{"line":56,"column":4},"end":{"line":58,"column":5}},"21":{"start":{"line":57,"column":6},"end":{"line":57,"column":76}},"22":{"start":{"line":60,"column":20},"end":{"line":60,"column":65}},"23":{"start":{"line":61,"column":4},"end":{"line":63,"column":5}},"24":{"start":{"line":62,"column":6},"end":{"line":62,"column":76}},"25":{"start":{"line":65,"column":18},"end":{"line":75,"column":5}},"26":{"start":{"line":77,"column":4},"end":{"line":77,"column":72}},"27":{"start":{"line":79,"column":4},"end":{"line":79,"column":40}},"28":{"start":{"line":80,"column":4},"end":{"line":80,"column":70}}},"fnMap":{"0":{"name":"(anonymous_0)","decl":{"start":{"line":15,"column":28},"end":{"line":15,"column":29}},"loc":{"start":{"line":15,"column":48},"end":{"line":48,"column":1}},"line":15},"1":{"name":"(anonymous_1)","decl":{"start":{"line":51,"column":25},"end":{"line":51,"column":26}},"loc":{"start":{"line":51,"column":45},"end":{"line":82,"column":1}},"line":51}},"branchMap":{"0":{"loc":{"start":{"line":20,"column":4},"end":{"line":22,"column":5}},"type":"if","locations":[{"start":{"line":20,"column":4},"end":{"line":22,"column":5}},{"start":{},"end":{}}],"line":20},"1":{"loc":{"start":{"line":20,"column":8},"end":{"line":20,"column":38}},"type":"binary-expr","locations":[{"start":{"line":20,"column":8},"end":{"line":20,"column":14}},{"start":{"line":20,"column":18},"end":{"line":20,"column":38}}],"line":20},"2":{"loc":{"start":{"line":25,"column":4},"end":{"line":29,"column":5}},"type":"if","locations":[{"start":{"line":25,"column":4},"end":{"line":29,"column":5}},{"start":{},"end":{}}],"line":25},"3":{"loc":{"start":{"line":25,"column":8},"end":{"line":25,"column":40}},"type":"binary-expr","locations":[{"start":{"line":25,"column":8},"end":{"line":25,"column":17}},{"start":{"line":25,"column":21},"end":{"line":25,"column":40}}],"line":25},"4":{"loc":{"start":{"line":32,"column":4},"end":{"line":34,"column":5}},"type":"if","locations":[{"start":{"line":32,"column":4},"end":{"line":34,"column":5}},{"start":{},"end":{}}],"line":32},"5":{"loc":{"start":{"line":39,"column":12},"end":{"line":39,"column":31}},"type":"binary-expr","locations":[{"start":{"line":39,"column":12},"end":{"line":39,"column":16}},{"start":{"line":39,"column":20},"end":{"line":39,"column":31}}],"line":39},"6":{"loc":{"start":{"line":56,"column":4},"end":{"line":58,"column":5}},"type":"if","locations":[{"start":{"line":56,"column":4},"end":{"line":58,"column":5}},{"start":{},"end":{}}],"line":56},"7":{"loc":{"start":{"line":61,"column":4},"end":{"line":63,"column":5}},"type":"if","locations":[{"start":{"line":61,"column":4},"end":{"line":63,"column":5}},{"start":{},"end":{}}],"line":61},"8":{"loc":{"start":{"line":71,"column":6},"end":{"line":71,"column":57}},"type":"binary-expr","locations":[{"start":{"line":71,"column":6},"end":{"line":71,"column":32}},{"start":{"line":71,"column":36},"end":{"line":71,"column":57}}],"line":71}},"s":{"0":6,"1":6,"2":6,"3":6,"4":6,"5":0,"6":6,"7":1,"8":5,"9":4,"10":0,"11":4,"12":4,"13":4,"14":1,"15":1,"16":6,"17":4,"18":4,"19":4,"20":4,"21":1,"22":3,"23":3,"24":1,"25":2,"26":2,"27":1,"28":1},"f":{"0":6,"1":4},"b":{"0":[0,6],"1":[6,6],"2":[1,5],"3":[6,6],"4":[0,4],"5":[4,2],"6":[1,3],"7":[1,2],"8":[2,2]},"_coverageSchema":"1a1c01bbd47fc00a2c39e90264f33305004495a9","hash":"37a7e3f0e1b79d277787abc34f8ff38654682b17"}
,"C:\\Users\\quick\\Downloads\\VSCode-npm\\class-project\\backend\\controllers\\eventController.js": {"path":"C:\\Users\\quick\\Downloads\\VSCode-npm\\class-project\\backend\\controllers\\eventController.js","statementMap":{"0":{"start":{"line":3,"column":15},"end":{"line":16,"column":1}},"1":{"start":{"line":19,"column":27},"end":{"line":27,"column":1}},"2":{"start":{"line":20,"column":2},"end":{"line":26,"column":3}},"3":{"start":{"line":21,"column":21},"end":{"line":21,"column":40}},"4":{"start":{"line":22,"column":4},"end":{"line":22,"column":26}},"5":{"start":{"line":23,"column":4},"end":{"line":23,"column":89}},"6":{"start":{"line":25,"column":4},"end":{"line":25,"column":70}},"7":{"start":{"line":30,"column":25},"end":{"line":37,"column":1}},"8":{"start":{"line":31,"column":2},"end":{"line":36,"column":3}},"9":{"start":{"line":32,"column":19},"end":{"line":32,"column":37}},"10":{"start":{"line":33,"column":4},"end":{"line":33,"column":21}},"11":{"start":{"line":35,"column":4},"end":{"line":35,"column":70}}},"fnMap":{"0":{"name":"(anonymous_0)","decl":{"start":{"line":19,"column":27},"end":{"line":19,"column":28}},"loc":{"start":{"line":19,"column":47},"end":{"line":27,"column":1}},"line":19},"1":{"name":"(anonymous_1)","decl":{"start":{"line":30,"column":25},"end":{"line":30,"column":26}},"loc":{"start":{"line":30,"column":45},"end":{"line":37,"column":1}},"line":30}},"branchMap":{},"s":{"0":6,"1":6,"2":2,"3":2,"4":2,"5":1,"6":1,"7":6,"8":1,"9":1,"10":1,"11":0},"f":{"0":2,"1":1},"b":{},"_coverageSchema":"1a1c01bbd47fc00a2c39e90264f33305004495a9","hash":"3892e5e22cadc28901953a1fd2a258ef2cd40040"}
,"C:\\Users\\quick\\Downloads\\VSCode-npm\\class-project\\backend\\controllers\\notificationController.js": {"path":"C:\\Users\\quick\\Downloads\\VSCode-npm\\class-project\\backend\\controllers\\notificationController.js","statementMap":{"0":{"start":{"line":3,"column":31},"end":{"line":13,"column":1}},"1":{"start":{"line":4,"column":35},"end":{"line":4,"column":43}},"2":{"start":{"line":5,"column":2},"end":{"line":9,"column":3}},"3":{"start":{"line":6,"column":4},"end":{"line":8,"column":63}},"4":{"start":{"line":11,"column":17},"end":{"line":11,"column":75}},"5":{"start":{"line":12,"column":2},"end":{"line":12,"column":31}}},"fnMap":{"0":{"name":"(anonymous_0)","decl":{"start":{"line":3,"column":31},"end":{"line":3,"column":32}},"loc":{"start":{"line":3,"column":45},"end":{"line":13,"column":1}},"line":3}},"branchMap":{"0":{"loc":{"start":{"line":5,"column":2},"end":{"line":9,"column":3}},"type":"if","locations":[{"start":{"line":5,"column":2},"end":{"line":9,"column":3}},{"start":{},"end":{}}],"line":5},"1":{"loc":{"start":{"line":5,"column":6},"end":{"line":5,"column":30}},"type":"binary-expr","locations":[{"start":{"line":5,"column":6},"end":{"line":5,"column":18}},{"start":{"line":5,"column":22},"end":{"line":5,"column":30}}],"line":5}},"s":{"0":6,"1":2,"2":2,"3":1,"4":1,"5":1},"f":{"0":2},"b":{"0":[1,1],"1":[2,1]},"_coverageSchema":"1a1c01bbd47fc00a2c39e90264f33305004495a9","hash":"d48fb920d8d77c62deb33a5467e818142adae2b4"}
,"C:\\Users\\quick\\Downloads\\VSCode-npm\\class-project\\backend\\controllers\\userController.js": {"path":"C:\\Users\\quick\\Downloads\\VSCode-npm\\class-project\\backend\\controllers\\userController.js","statementMap":{"0":{"start":{"line":3,"column":14},"end":{"line":35,"column":1}},"1":{"start":{"line":39,"column":2},"end":{"line":51,"column":3}},"2":{"start":{"line":40,"column":19},"end":{"line":40,"column":35}},"3":{"start":{"line":42,"column":20},"end":{"line":42,"column":57}},"4":{"start":{"line":43,"column":4},"end":{"line":45,"column":5}},"5":{"start":{"line":44,"column":6},"end":{"line":44,"column":68}},"6":{"start":{"line":47,"column":4},"end":{"line":47,"column":41}},"7":{"start":{"line":49,"column":4},"end":{"line":49,"column":52}},"8":{"start":{"line":50,"column":4},"end":{"line":50,"column":61}},"9":{"start":{"line":56,"column":2},"end":{"line":88,"column":3}},"10":{"start":{"line":57,"column":19},"end":{"line":57,"column":34}},"11":{"start":{"line":59,"column":18},"end":{"line":59,"column":55}},"12":{"start":{"line":60,"column":4},"end":{"line":62,"column":5}},"13":{"start":{"line":61,"column":6},"end":{"line":61,"column":74}},"14":{"start":{"line":64,"column":4},"end":{"line":75,"column":7}},"15":{"start":{"line":76,"column":4},"end":{"line":76,"column":25}},"16":{"start":{"line":78,"column":4},"end":{"line":80,"column":7}},"17":{"start":{"line":82,"column":4},"end":{"line":84,"column":66}},"18":{"start":{"line":86,"column":4},"end":{"line":86,"column":52}},"19":{"start":{"line":87,"column":4},"end":{"line":87,"column":61}},"20":{"start":{"line":92,"column":2},"end":{"line":122,"column":3}},"21":{"start":{"line":93,"column":19},"end":{"line":93,"column":34}},"22":{"start":{"line":95,"column":18},"end":{"line":95,"column":55}},"23":{"start":{"line":96,"column":4},"end":{"line":98,"column":5}},"24":{"start":{"line":97,"column":6},"end":{"line":97,"column":68}},"25":{"start":{"line":100,"column":4},"end":{"line":114,"column":6}},"26":{"start":{"line":116,"column":4},"end":{"line":118,"column":66}},"27":{"start":{"line":120,"column":4},"end":{"line":120,"column":52}},"28":{"start":{"line":121,"column":4},"end":{"line":121,"column":61}}},"fnMap":{"0":{"name":"getUserProfile","decl":{"start":{"line":38,"column":22},"end":{"line":38,"column":36}},"loc":{"start":{"line":38,"column":47},"end":{"line":52,"column":1}},"line":38},"1":{"name":"createUserProfile","decl":{"start":{"line":55,"column":22},"end":{"line":55,"column":39}},"loc":{"start":{"line":55,"column":50},"end":{"line":89,"column":1}},"line":55},"2":{"name":"updateUserProfile","decl":{"start":{"line":91,"column":22},"end":{"line":91,"column":39}},"loc":{"start":{"line":91,"column":50},"end":{"line":123,"column":1}},"line":91}},"branchMap":{"0":{"loc":{"start":{"line":43,"column":4},"end":{"line":45,"column":5}},"type":"if","locations":[{"start":{"line":43,"column":4},"end":{"line":45,"column":5}},{"start":{},"end":{}}],"line":43},"1":{"loc":{"start":{"line":60,"column":4},"end":{"line":62,"column":5}},"type":"if","locations":[{"start":{"line":60,"column":4},"end":{"line":62,"column":5}},{"start":{},"end":{}}],"line":60},"2":{"loc":{"start":{"line":96,"column":4},"end":{"line":98,"column":5}},"type":"if","locations":[{"start":{"line":96,"column":4},"end":{"line":98,"column":5}},{"start":{},"end":{}}],"line":96}},"s":{"0":6,"1":1,"2":1,"3":1,"4":0,"5":0,"6":0,"7":1,"8":1,"9":0,"10":0,"11":0,"12":0,"13":0,"14":0,"15":0,"16":0,"17":0,"18":0,"19":0,"20":0,"21":0,"22":0,"23":0,"24":0,"25":0,"26":0,"27":0,"28":0},"f":{"0":1,"1":0,"2":0},"b":{"0":[0,0],"1":[0,0],"2":[0,0]},"_coverageSchema":"1a1c01bbd47fc00a2c39e90264f33305004495a9","hash":"494c042f5197dc4694501200046956b9c0e5afd9"}
,"C:\\Users\\quick\\Downloads\\VSCode-npm\\class-project\\backend\\controllers\\volunteerController.js": {"path":"C:\\Users\\quick\\Downloads\\VSCode-npm\\class-project\\backend\\controllers\\volunteerController.js","statementMap":{"0":{"start":{"line":7,"column":35},"end":{"line":25,"column":1}},"1":{"start":{"line":8,"column":2},"end":{"line":24,"column":3}},"2":{"start":{"line":9,"column":24},"end":{"line":9,"column":37}},"3":{"start":{"line":10,"column":20},"end":{"line":12,"column":5}},"4":{"start":{"line":14,"column":4},"end":{"line":18,"column":5}},"5":{"start":{"line":15,"column":6},"end":{"line":17,"column":74}},"6":{"start":{"line":20,"column":4},"end":{"line":20,"column":41}},"7":{"start":{"line":22,"column":4},"end":{"line":22,"column":51}},"8":{"start":{"line":23,"column":4},"end":{"line":23,"column":76}},"9":{"start":{"line":28,"column":30},"end":{"line":91,"column":1}},"10":{"start":{"line":29,"column":2},"end":{"line":90,"column":3}},"11":{"start":{"line":30,"column":37},"end":{"line":30,"column":45}},"12":{"start":{"line":32,"column":4},"end":{"line":32,"column":54}},"13":{"start":{"line":33,"column":4},"end":{"line":33,"column":46}},"14":{"start":{"line":36,"column":4},"end":{"line":40,"column":5}},"15":{"start":{"line":37,"column":6},"end":{"line":39,"column":74}},"16":{"start":{"line":41,"column":4},"end":{"line":45,"column":5}},"17":{"start":{"line":42,"column":6},"end":{"line":44,"column":70}},"18":{"start":{"line":48,"column":22},"end":{"line":50,"column":25}},"19":{"start":{"line":52,"column":4},"end":{"line":56,"column":5}},"20":{"start":{"line":53,"column":6},"end":{"line":55,"column":66}},"21":{"start":{"line":58,"column":4},"end":{"line":62,"column":5}},"22":{"start":{"line":59,"column":6},"end":{"line":61,"column":67}},"23":{"start":{"line":64,"column":4},"end":{"line":64,"column":47}},"24":{"start":{"line":67,"column":18},"end":{"line":67,"column":47}},"25":{"start":{"line":68,"column":4},"end":{"line":68,"column":39}},"26":{"start":{"line":70,"column":4},"end":{"line":74,"column":5}},"27":{"start":{"line":71,"column":6},"end":{"line":73,"column":63}},"28":{"start":{"line":77,"column":21},"end":{"line":81,"column":6}},"29":{"start":{"line":83,"column":4},"end":{"line":83,"column":26}},"30":{"start":{"line":84,"column":4},"end":{"line":84,"column":44}},"31":{"start":{"line":86,"column":4},"end":{"line":86,"column":76}},"32":{"start":{"line":88,"column":4},"end":{"line":88,"column":53}},"33":{"start":{"line":89,"column":4},"end":{"line":89,"column":70}}},"fnMap":{"0":{"name":"(anonymous_0)","decl":{"start":{"line":7,"column":35},"end":{"line":7,"column":36}},"loc":{"start":{"line":7,"column":55},"end":{"line":25,"column":1}},"line":7},"1":{"name":"(anonymous_1)","decl":{"start":{"line":28,"column":30},"end":{"line":28,"column":31}},"loc":{"start":{"line":28,"column":50},"end":{"line":91,"column":1}},"line":28}},"branchMap":{"0":{"loc":{"start":{"line":14,"column":4},"end":{"line":18,"column":5}},"type":"if","locations":[{"start":{"line":14,"column":4},"end":{"line":18,"column":5}},{"start":{},"end":{}}],"line":14},"1":{"loc":{"start":{"line":36,"column":4},"end":{"line":40,"column":5}},"type":"if","locations":[{"start":{"line":36,"column":4},"end":{"line":40,"column":5}},{"start":{},"end":{}}],"line":36},"2":{"loc":{"start":{"line":41,"column":4},"end":{"line":45,"column":5}},"type":"if","locations":[{"start":{"line":41,"column":4},"end":{"line":45,"column":5}},{"start":{},"end":{}}],"line":41},"3":{"loc":{"start":{"line":52,"column":4},"end":{"line":56,"column":5}},"type":"if","locations":[{"start":{"line":52,"column":4},"end":{"line":56,"column":5}},{"start":{},"end":{}}],"line":52},"4":{"loc":{"start":{"line":58,"column":4},"end":{"line":62,"column":5}},"type":"if","locations":[{"start":{"line":58,"column":4},"end":{"line":62,"column":5}},{"start":{},"end":{}}],"line":58},"5":{"loc":{"start":{"line":58,"column":8},"end":{"line":58,"column":66}},"type":"binary-expr","locations":[{"start":{"line":58,"column":8},"end":{"line":58,"column":25}},{"start":{"line":58,"column":29},"end":{"line":58,"column":66}}],"line":58},"6":{"loc":{"start":{"line":70,"column":4},"end":{"line":74,"column":5}},"type":"if","locations":[{"start":{"line":70,"column":4},"end":{"line":74,"column":5}},{"start":{},"end":{}}],"line":70}},"s":{"0":6,"1":2,"2":2,"3":2,"4":1,"5":1,"6":0,"7":1,"8":1,"9":6,"10":9,"11":9,"12":9,"13":9,"14":9,"15":1,"16":8,"17":1,"18":7,"19":7,"20":7,"21":0,"22":0,"23":0,"24":0,"25":0,"26":0,"27":0,"28":0,"29":0,"30":0,"31":0,"32":0,"33":0},"f":{"0":2,"1":9},"b":{"0":[1,0],"1":[1,8],"2":[1,7],"3":[7,0],"4":[0,0],"5":[0,0],"6":[0,0]},"_coverageSchema":"1a1c01bbd47fc00a2c39e90264f33305004495a9","hash":"5946d3f9d7b555e2752502ab7b638c1f091552ef"}
,"C:\\Users\\quick\\Downloads\\VSCode-npm\\class-project\\backend\\middleware\\verifyToken.js": {"path":"C:\\Users\\quick\\Downloads\\VSCode-npm\\class-project\\backend\\middleware\\verifyToken.js","statementMap":{"0":{"start":{"line":3,"column":20},"end":{"line":28,"column":1}},"1":{"start":{"line":4,"column":16},"end":{"line":4,"column":67}},"2":{"start":{"line":6,"column":2},"end":{"line":10,"column":3}},"3":{"start":{"line":7,"column":4},"end":{"line":9,"column":61}},"4":{"start":{"line":12,"column":2},"end":{"line":27,"column":3}},"5":{"start":{"line":14,"column":20},"end":{"line":17,"column":5}},"6":{"start":{"line":20,"column":4},"end":{"line":20,"column":41}},"7":{"start":{"line":23,"column":4},"end":{"line":23,"column":23}},"8":{"start":{"line":24,"column":4},"end":{"line":24,"column":11}},"9":{"start":{"line":26,"column":4},"end":{"line":26,"column":73}}},"fnMap":{"0":{"name":"(anonymous_0)","decl":{"start":{"line":3,"column":20},"end":{"line":3,"column":21}},"loc":{"start":{"line":3,"column":40},"end":{"line":28,"column":1}},"line":3}},"branchMap":{"0":{"loc":{"start":{"line":6,"column":2},"end":{"line":10,"column":3}},"type":"if","locations":[{"start":{"line":6,"column":2},"end":{"line":10,"column":3}},{"start":{},"end":{}}],"line":6},"1":{"loc":{"start":{"line":16,"column":6},"end":{"line":16,"column":57}},"type":"binary-expr","locations":[{"start":{"line":16,"column":6},"end":{"line":16,"column":32}},{"start":{"line":16,"column":36},"end":{"line":16,"column":57}}],"line":16}},"s":{"0":6,"1":2,"2":2,"3":1,"4":1,"5":1,"6":1,"7":1,"8":1,"9":0},"f":{"0":2},"b":{"0":[1,1],"1":[1,1]},"_coverageSchema":"1a1c01bbd47fc00a2c39e90264f33305004495a9","hash":"79ec028ca115813b7135d016f084b00fa8a49514"}
,"C:\\Users\\quick\\Downloads\\VSCode-npm\\class-project\\backend\\models\\Event.js": {"path":"C:\\Users\\quick\\Downloads\\VSCode-npm\\class-project\\backend\\models\\Event.js","statementMap":{"0":{"start":{"line":3,"column":20},"end":{"line":13,"column":2}},"1":{"start":{"line":15,"column":14},"end":{"line":15,"column":60}}},"fnMap":{},"branchMap":{},"s":{"0":6,"1":6},"f":{},"b":{},"_coverageSchema":"1a1c01bbd47fc00a2c39e90264f33305004495a9","hash":"54359ee4628ebaeba349d07180dcdca6b1eb83a3"}
,"C:\\Users\\quick\\Downloads\\VSCode-npm\\class-project\\backend\\models\\User.js": {"path":"C:\\Users\\quick\\Downloads\\VSCode-npm\\class-project\\backend\\models\\User.js","statementMap":{"0":{"start":{"line":4,"column":30},"end":{"line":23,"column":2}},"1":{"start":{"line":25,"column":0},"end":{"line":31,"column":3}},"2":{"start":{"line":26,"column":2},"end":{"line":26,"column":50}},"3":{"start":{"line":26,"column":36},"end":{"line":26,"column":50}},"4":{"start":{"line":27,"column":15},"end":{"line":27,"column":39}},"5":{"start":{"line":29,"column":2},"end":{"line":29,"column":57}},"6":{"start":{"line":30,"column":2},"end":{"line":30,"column":9}},"7":{"start":{"line":33,"column":24},"end":{"line":36,"column":1}},"8":{"start":{"line":38,"column":26},"end":{"line":119,"column":2}},"9":{"start":{"line":121,"column":20},"end":{"line":121,"column":84}}},"fnMap":{"0":{"name":"(anonymous_0)","decl":{"start":{"line":25,"column":34},"end":{"line":25,"column":35}},"loc":{"start":{"line":25,"column":56},"end":{"line":31,"column":1}},"line":25}},"branchMap":{"0":{"loc":{"start":{"line":26,"column":2},"end":{"line":26,"column":50}},"type":"if","locations":[{"start":{"line":26,"column":2},"end":{"line":26,"column":50}},{"start":{},"end":{}}],"line":26}},"s":{"0":6,"1":6,"2":6,"3":0,"4":6,"5":6,"6":6,"7":6,"8":6,"9":6},"f":{"0":6},"b":{"0":[0,6]},"_coverageSchema":"1a1c01bbd47fc00a2c39e90264f33305004495a9","hash":"597c3dc10c104c0f8832c1dae0ff68a98a1ed101"}
,"C:\\Users\\quick\\Downloads\\VSCode-npm\\class-project\\backend\\models\\VolunteerHistory.js": {"path":"C:\\Users\\quick\\Downloads\\VSCode-npm\\class-project\\backend\\models\\VolunteerHistory.js","statementMap":{"0":{"start":{"line":3,"column":31},"end":{"line":22,"column":2}},"1":{"start":{"line":24,"column":25},"end":{"line":24,"column":105}}},"fnMap":{},"branchMap":{},"s":{"0":6,"1":6},"f":{},"b":{},"_coverageSchema":"1a1c01bbd47fc00a2c39e90264f33305004495a9","hash":"613d2843849ec28db824bc7f5b9f5ca25aeda5ed"}
,"C:\\Users\\quick\\Downloads\\VSCode-npm\\class-project\\backend\\routes\\404.js": {"path":"C:\\Users\\quick\\Downloads\\VSCode-npm\\class-project\\backend\\routes\\404.js","statementMap":{"0":{"start":{"line":2,"column":15},"end":{"line":2,"column":23}},"1":{"start":{"line":4,"column":0},"end":{"line":9,"column":3}},"2":{"start":{"line":5,"column":4},"end":{"line":8,"column":7}}},"fnMap":{"0":{"name":"(anonymous_0)","decl":{"start":{"line":4,"column":16},"end":{"line":4,"column":17}},"loc":{"start":{"line":4,"column":30},"end":{"line":9,"column":1}},"line":4}},"branchMap":{},"s":{"0":6,"1":6,"2":4},"f":{"0":4},"b":{},"_coverageSchema":"1a1c01bbd47fc00a2c39e90264f33305004495a9","hash":"5c2fa5ff15e1fda72e8f5636ac03f5848ed3b588"}
,"C:\\Users\\quick\\Downloads\\VSCode-npm\\class-project\\backend\\routes\\authRoutes.js": {"path":"C:\\Users\\quick\\Downloads\\VSCode-npm\\class-project\\backend\\routes\\authRoutes.js","statementMap":{"0":{"start":{"line":5,"column":15},"end":{"line":5,"column":31}},"1":{"start":{"line":8,"column":0},"end":{"line":8,"column":39}},"2":{"start":{"line":11,"column":0},"end":{"line":11,"column":33}},"3":{"start":{"line":14,"column":0},"end":{"line":22,"column":3}},"4":{"start":{"line":15,"column":34},"end":{"line":15,"column":42}},"5":{"start":{"line":16,"column":2},"end":{"line":21,"column":5}}},"fnMap":{"0":{"name":"(anonymous_0)","decl":{"start":{"line":14,"column":36},"end":{"line":14,"column":37}},"loc":{"start":{"line":14,"column":50},"end":{"line":22,"column":1}},"line":14}},"branchMap":{},"s":{"0":6,"1":6,"2":6,"3":6,"4":1,"5":1},"f":{"0":1},"b":{},"_coverageSchema":"1a1c01bbd47fc00a2c39e90264f33305004495a9","hash":"bbac47f1ffb402f12bfe04dd553403308a1a08e8"}
,"C:\\Users\\quick\\Downloads\\VSCode-npm\\class-project\\backend\\routes\\eventRoutes.js": {"path":"C:\\Users\\quick\\Downloads\\VSCode-npm\\class-project\\backend\\routes\\eventRoutes.js","statementMap":{"0":{"start":{"line":4,"column":15},"end":{"line":4,"column":31}},"1":{"start":{"line":6,"column":0},"end":{"line":6,"column":42}},"2":{"start":{"line":7,"column":0},"end":{"line":7,"column":27}}},"fnMap":{},"branchMap":{},"s":{"0":6,"1":6,"2":6},"f":{},"b":{},"_coverageSchema":"1a1c01bbd47fc00a2c39e90264f33305004495a9","hash":"f8af0a6ae84184253eca26c671f4d8a917b7fc78"}
,"C:\\Users\\quick\\Downloads\\VSCode-npm\\class-project\\backend\\routes\\notificationRoutes.js": {"path":"C:\\Users\\quick\\Downloads\\VSCode-npm\\class-project\\backend\\routes\\notificationRoutes.js","statementMap":{"0":{"start":{"line":4,"column":15},"end":{"line":4,"column":31}},"1":{"start":{"line":5,"column":0},"end":{"line":5,"column":40}}},"fnMap":{},"branchMap":{},"s":{"0":6,"1":6},"f":{},"b":{},"_coverageSchema":"1a1c01bbd47fc00a2c39e90264f33305004495a9","hash":"af44ebb60564a015b85a4da75ad74f526116824e"}
,"C:\\Users\\quick\\Downloads\\VSCode-npm\\class-project\\backend\\routes\\userRoutes.js": {"path":"C:\\Users\\quick\\Downloads\\VSCode-npm\\class-project\\backend\\routes\\userRoutes.js","statementMap":{"0":{"start":{"line":9,"column":15},"end":{"line":9,"column":23}},"1":{"start":{"line":12,"column":0},"end":{"line":12,"column":35}},"2":{"start":{"line":15,"column":0},"end":{"line":15,"column":55}},"3":{"start":{"line":16,"column":0},"end":{"line":16,"column":55}}},"fnMap":{},"branchMap":{},"s":{"0":6,"1":6,"2":6,"3":6},"f":{},"b":{},"_coverageSchema":"1a1c01bbd47fc00a2c39e90264f33305004495a9","hash":"a6310915f8efcce100209b2e2e85075293a92caa"}
,"C:\\Users\\quick\\Downloads\\VSCode-npm\\class-project\\backend\\routes\\volunteerRoutes.js": {"path":"C:\\Users\\quick\\Downloads\\VSCode-npm\\class-project\\backend\\routes\\volunteerRoutes.js","statementMap":{"0":{"start":{"line":7,"column":15},"end":{"line":7,"column":23}},"1":{"start":{"line":10,"column":0},"end":{"line":10,"column":48}},"2":{"start":{"line":13,"column":0},"end":{"line":13,"column":38}}},"fnMap":{},"branchMap":{},"s":{"0":6,"1":6,"2":6},"f":{},"b":{},"_coverageSchema":"1a1c01bbd47fc00a2c39e90264f33305004495a9","hash":"c3cc7a33b78b34576aa29b953a39e6bf5a4b1c0f"}
,"C:\\Users\\quick\\Downloads\\VSCode-npm\\class-project\\backend\\services\\notificationService.js": {"path":"C:\\Users\\quick\\Downloads\\VSCode-npm\\class-project\\backend\\services\\notificationService.js","statementMap":{"0":{"start":{"line":3,"column":4},"end":{"line":3,"column":77}},"1":{"start":{"line":4,"column":4},"end":{"line":4,"column":59}}},"fnMap":{"0":{"name":"(anonymous_0)","decl":{"start":{"line":2,"column":2},"end":{"line":2,"column":3}},"loc":{"start":{"line":2,"column":41},"end":{"line":5,"column":3}},"line":2}},"branchMap":{},"s":{"0":1,"1":1},"f":{"0":1},"b":{},"_coverageSchema":"1a1c01bbd47fc00a2c39e90264f33305004495a9","hash":"a61fa0a8dd04fe7c7cecc439c5e654c163731fc7"}
}
