TN:
SF:database.js
FN:4,(anonymous_0)
FNF:1
FNH:1
FNDA:6,(anonymous_0)
DA:4,6
DA:5,6
DA:6,6
DA:7,3
DA:9,0
DA:10,0
LF:6
LH:4
BRF:0
BRH:0
end_of_record
TN:
SF:index.js
FN:22,(anonymous_0)
FNF:1
FNH:0
FNDA:0,(anonymous_0)
DA:12,6
DA:14,6
DA:17,6
DA:20,6
DA:21,6
DA:22,6
DA:23,0
DA:27,6
DA:28,6
DA:29,6
DA:30,6
DA:31,6
LF:12
LH:11
BRF:0
BRH:0
end_of_record
TN:
SF:server.js
FN:4,(anonymous_0)
FNF:1
FNH:1
FNDA:1,(anonymous_0)
DA:3,1
DA:4,1
DA:5,1
LF:3
LH:3
BRDA:3,0,0,1
BRDA:3,0,1,0
BRF:2
BRH:1
end_of_record
TN:
SF:controllers\authController.js
FN:15,(anonymous_0)
FN:51,(anonymous_1)
FNF:2
FNH:2
FNDA:4,(anonymous_0)
FNDA:4,(anonymous_1)
DA:6,6
DA:15,6
DA:16,4
DA:17,4
DA:20,4
DA:21,0
DA:25,4
DA:26,1
DA:31,3
DA:32,3
DA:33,2
DA:36,1
DA:41,1
DA:43,1
DA:45,0
DA:46,0
DA:51,6
DA:52,4
DA:53,4
DA:55,4
DA:56,4
DA:57,0
DA:60,4
DA:61,4
DA:62,1
DA:65,3
DA:77,3
DA:79,0
DA:80,0
LF:29
LH:23
BRDA:20,0,0,0
BRDA:20,0,1,4
BRDA:20,1,0,4
BRDA:20,1,1,4
BRDA:25,2,0,1
BRDA:25,2,1,3
BRDA:25,3,0,4
BRDA:25,3,1,4
BRDA:32,4,0,2
BRDA:32,4,1,1
BRDA:39,5,0,1
BRDA:39,5,1,0
BRDA:56,6,0,0
BRDA:56,6,1,4
BRDA:61,7,0,1
BRDA:61,7,1,3
BRDA:71,8,0,3
BRDA:71,8,1,3
BRF:18
BRH:15
end_of_record
TN:
SF:controllers\eventController.js
FN:19,(anonymous_0)
FN:30,(anonymous_1)
FNF:2
FNH:1
FNDA:2,(anonymous_0)
FNDA:0,(anonymous_1)
DA:3,6
DA:19,6
DA:20,2
DA:21,2
DA:22,2
DA:23,1
DA:25,1
DA:30,6
DA:31,0
DA:32,0
DA:33,0
DA:35,0
LF:12
LH:8
BRF:0
BRH:0
end_of_record
TN:
SF:controllers\notificationController.js
FN:3,(anonymous_0)
FNF:1
FNH:1
FNDA:2,(anonymous_0)
DA:3,6
DA:4,2
DA:5,2
DA:6,1
DA:11,1
DA:12,1
LF:6
LH:6
BRDA:5,0,0,1
BRDA:5,0,1,1
BRDA:5,1,0,2
BRDA:5,1,1,1
BRF:4
BRH:4
end_of_record
TN:
SF:controllers\userController.js
FN:37,getUserProfile
FN:54,createUserProfile
FN:90,updateUserProfile
FNF:3
FNH:1
FNDA:2,getUserProfile
FNDA:0,createUserProfile
FNDA:0,updateUserProfile
DA:3,6
DA:38,2
DA:39,2
DA:41,2
DA:42,0
DA:43,0
DA:46,0
DA:48,2
DA:49,2
DA:55,0
DA:56,0
DA:58,0
DA:59,0
DA:60,0
DA:63,0
DA:75,0
DA:77,0
DA:81,0
DA:85,0
DA:86,0
DA:91,0
DA:92,0
DA:94,0
DA:95,0
DA:96,0
DA:99,0
DA:115,0
DA:119,0
DA:120,0
LF:29
LH:6
BRDA:42,0,0,0
BRDA:42,0,1,0
BRDA:59,1,0,0
BRDA:59,1,1,0
BRDA:95,2,0,0
BRDA:95,2,1,0
BRF:6
BRH:0
end_of_record
TN:
SF:controllers\volunteerController.js
FN:6,(anonymous_0)
FN:22,(anonymous_1)
FNF:2
FNH:2
FNDA:3,(anonymous_0)
FNDA:2,(anonymous_1)
DA:6,6
DA:7,3
DA:8,3
DA:9,3
DA:11,0
DA:12,0
DA:15,0
DA:17,3
DA:22,6
DA:23,2
DA:24,2
DA:27,2
DA:28,0
DA:29,0
DA:33,0
DA:34,0
DA:35,0
DA:39,0
DA:44,0
DA:46,0
DA:48,2
LF:21
LH:10
BRDA:11,0,0,0
BRDA:11,0,1,0
BRDA:28,1,0,0
BRDA:28,1,1,0
BRDA:28,2,0,0
BRDA:28,2,1,0
BRDA:34,3,0,0
BRDA:34,3,1,0
BRF:8
BRH:0
end_of_record
TN:
SF:middleware\verifyToken.js
FN:3,(anonymous_0)
FNF:1
FNH:1
FNDA:3,(anonymous_0)
DA:3,6
DA:4,3
DA:6,3
DA:7,2
DA:12,1
DA:14,1
DA:20,1
DA:23,1
DA:24,1
DA:26,0
LF:10
LH:9
BRDA:6,0,0,2
BRDA:6,0,1,1
BRDA:16,1,0,1
BRDA:16,1,1,1
BRF:4
BRH:4
end_of_record
TN:
SF:models\Event.js
FNF:0
FNH:0
DA:3,6
DA:15,6
LF:2
LH:2
BRF:0
BRH:0
end_of_record
TN:
SF:models\User.js
FN:25,(anonymous_0)
FNF:1
FNH:1
FNDA:1,(anonymous_0)
DA:4,6
DA:25,6
DA:26,1
DA:27,1
DA:29,1
DA:30,1
DA:33,6
DA:38,6
DA:121,6
LF:9
LH:9
BRDA:26,0,0,0
BRDA:26,0,1,1
BRF:2
BRH:1
end_of_record
TN:
SF:models\VolunteerHistory.js
FNF:0
FNH:0
DA:3,6
DA:24,6
LF:2
LH:2
BRF:0
BRH:0
end_of_record
TN:
SF:routes\authRoutes.js
FN:14,(anonymous_0)
FNF:1
FNH:1
FNDA:1,(anonymous_0)
DA:5,6
DA:8,6
DA:11,6
DA:14,6
DA:15,1
DA:16,1
LF:6
LH:6
BRF:0
BRH:0
end_of_record
TN:
SF:routes\eventRoutes.js
FNF:0
FNH:0
DA:3,6
DA:5,6
DA:6,6
LF:3
LH:3
BRF:0
BRH:0
end_of_record
TN:
SF:routes\notificationRoutes.js
FNF:0
FNH:0
DA:4,6
DA:5,6
LF:2
LH:2
BRF:0
BRH:0
end_of_record
TN:
SF:routes\userRoutes.js
FNF:0
FNH:0
DA:9,6
DA:12,6
DA:15,6
DA:16,6
LF:4
LH:4
BRF:0
BRH:0
end_of_record
TN:
SF:routes\volunteerRoutes.js
FNF:0
FNH:0
DA:7,6
DA:10,6
DA:13,6
LF:3
LH:3
BRF:0
BRH:0
end_of_record
TN:
SF:services\notificationService.js
FN:2,(anonymous_0)
FNF:1
FNH:1
FNDA:1,(anonymous_0)
DA:3,1
DA:4,1
LF:2
LH:2
BRF:0
BRH:0
end_of_record
