TN:
SF:index.js
FNF:0
FNH:0
DA:11,6
DA:13,6
DA:16,6
DA:17,6
DA:20,6
DA:21,6
DA:22,6
DA:23,6
DA:24,6
LF:9
LH:9
BRF:0
BRH:0
end_of_record
TN:
SF:server.js
FN:4,(anonymous_0)
FNF:1
FNH:1
FNDA:1,(anonymous_0)
DA:3,1
DA:4,1
DA:5,1
LF:3
LH:3
BRDA:3,0,0,1
BRDA:3,0,1,0
BRF:2
BRH:1
end_of_record
TN:
SF:controllers\authController.js
FN:14,(anonymous_0)
FN:34,(anonymous_1)
FN:50,(anonymous_2)
FNF:3
FNH:3
FNDA:3,(anonymous_0)
FNDA:4,(anonymous_1)
FNDA:2,(anonymous_2)
DA:5,6
DA:14,6
DA:15,3
DA:18,3
DA:19,1
DA:23,2
DA:24,1
DA:30,1
DA:34,6
DA:35,4
DA:38,4
DA:39,1
DA:43,3
DA:44,1
DA:50,2
DA:53,2
DA:54,0
DA:58,2
DA:60,2
DA:61,0
DA:65,2
DA:66,2
DA:69,2
DA:76,2
LF:24
LH:22
BRDA:18,0,0,1
BRDA:18,0,1,2
BRDA:18,1,0,3
BRDA:18,1,1,1
BRDA:23,2,0,1
BRDA:23,2,1,1
BRDA:38,3,0,1
BRDA:38,3,1,3
BRDA:38,4,0,4
BRDA:38,4,1,1
BRDA:43,5,0,1
BRDA:43,5,1,2
BRDA:53,6,0,0
BRDA:53,6,1,2
BRDA:60,7,0,0
BRDA:60,7,1,2
BRDA:65,8,0,2
BRDA:65,8,1,0
BRDA:66,9,0,2
BRDA:66,9,1,0
BRDA:71,10,0,2
BRDA:71,10,1,2
BRF:22
BRH:18
end_of_record
TN:
SF:controllers\eventController.js
FN:16,getEvents
FN:20,createEvent
FNF:2
FNH:1
FNDA:0,getEvents
FNDA:2,createEvent
DA:1,6
DA:17,0
DA:21,2
DA:22,2
DA:29,2
DA:30,2
LF:6
LH:5
BRF:0
BRH:0
end_of_record
TN:
SF:controllers\notificationController.js
FN:3,(anonymous_0)
FNF:1
FNH:1
FNDA:2,(anonymous_0)
DA:3,6
DA:4,2
DA:5,2
DA:6,1
DA:11,1
DA:12,1
LF:6
LH:6
BRDA:5,0,0,1
BRDA:5,0,1,1
BRDA:5,1,0,2
BRDA:5,1,1,1
BRF:4
BRH:4
end_of_record
TN:
SF:controllers\userController.js
FN:35,getUserProfile
FN:37,(anonymous_1)
FN:47,updateUserProfile
FN:50,(anonymous_3)
FNF:4
FNH:4
FNDA:3,getUserProfile
FNDA:4,(anonymous_1)
FNDA:1,updateUserProfile
FNDA:1,(anonymous_3)
DA:1,6
DA:36,3
DA:37,4
DA:39,3
DA:40,1
DA:43,2
DA:49,1
DA:50,1
DA:52,1
DA:53,0
DA:57,1
DA:67,1
LF:12
LH:11
BRDA:39,0,0,1
BRDA:39,0,1,2
BRDA:52,1,0,0
BRDA:52,1,1,1
BRF:4
BRH:3
end_of_record
TN:
SF:controllers\volunteerController.js
FN:31,getVolunteerHistory
FN:34,(anonymous_1)
FN:47,matchVolunteer
FN:50,(anonymous_3)
FN:51,(anonymous_4)
FNF:5
FNH:5
FNDA:3,getVolunteerHistory
FNDA:6,(anonymous_1)
FNDA:2,matchVolunteer
FNDA:4,(anonymous_3)
FNDA:3,(anonymous_4)
DA:1,6
DA:6,6
DA:21,6
DA:32,3
DA:33,3
DA:34,6
DA:37,3
DA:38,1
DA:43,2
DA:48,2
DA:50,4
DA:51,3
DA:53,2
DA:54,1
DA:60,1
DA:67,1
LF:16
LH:16
BRDA:37,0,0,1
BRDA:37,0,1,2
BRDA:53,1,0,1
BRDA:53,1,1,1
BRDA:53,2,0,2
BRDA:53,2,1,2
BRF:6
BRH:6
end_of_record
TN:
SF:middleware\verifyToken.js
FN:3,(anonymous_0)
FNF:1
FNH:1
FNDA:2,(anonymous_0)
DA:3,6
DA:4,2
DA:6,2
DA:7,1
DA:12,1
DA:14,1
DA:20,1
DA:23,1
DA:24,1
DA:26,0
LF:10
LH:9
BRDA:6,0,0,1
BRDA:6,0,1,1
BRDA:16,1,0,1
BRDA:16,1,1,1
BRF:4
BRH:4
end_of_record
TN:
SF:routes\authRoutes.js
FN:14,(anonymous_0)
FNF:1
FNH:1
FNDA:1,(anonymous_0)
DA:5,6
DA:8,6
DA:11,6
DA:14,6
DA:15,1
DA:16,1
LF:6
LH:6
BRF:0
BRH:0
end_of_record
TN:
SF:routes\eventRoutes.js
FNF:0
FNH:0
DA:3,6
DA:5,6
DA:6,6
LF:3
LH:3
BRF:0
BRH:0
end_of_record
TN:
SF:routes\notificationRoutes.js
FNF:0
FNH:0
DA:4,6
DA:5,6
LF:2
LH:2
BRF:0
BRH:0
end_of_record
TN:
SF:routes\userRoutes.js
FNF:0
FNH:0
DA:7,6
DA:10,6
DA:13,6
LF:3
LH:3
BRF:0
BRH:0
end_of_record
TN:
SF:routes\volunteerRoutes.js
FNF:0
FNH:0
DA:7,6
DA:10,6
DA:13,6
LF:3
LH:3
BRF:0
BRH:0
end_of_record
TN:
SF:services\notificationService.js
FN:2,(anonymous_0)
FNF:1
FNH:1
FNDA:1,(anonymous_0)
DA:3,1
DA:4,1
LF:2
LH:2
BRF:0
BRH:0
end_of_record
